<?xml version="1.0" encoding="UTF-8"?>
<testsuite name="repository.InMemoryRepoTest" tests="6" skipped="0" failures="0" errors="0" timestamp="2019-11-20T09:35:35" hostname="DESKTOP-3HH1AC7" time="0.004">
  <properties/>
  <testcase name="delete" classname="repository.InMemoryRepoTest" time="0.002"/>
  <testcase name="findAll" classname="repository.InMemoryRepoTest" time="0.0"/>
  <testcase name="findOne" classname="repository.InMemoryRepoTest" time="0.0"/>
  <testcase name="update" classname="repository.InMemoryRepoTest" time="0.001"/>
  <testcase name="save" classname="repository.InMemoryRepoTest" time="0.0"/>
  <testcase name="size" classname="repository.InMemoryRepoTest" time="0.0"/>
  <system-out><![CDATA[]]></system-out>
  <system-err><![CDATA[]]></system-err>
</testsuite>
